[2012-01-05 23:09:41.963177]----zconvd init----
[2012-01-05 23:09:46.098028] Start conv (id:4f05af29c554c13ffe000000 path:/Users/exit/Sites/dacms/curios/inbox/oldmap/1810161388/1810161388-001.jpeg)
[2012-01-05 23:09:55.653421] +--Finish conv (id:4f05af29c554c13ffe000000 path:/Users/exit/Sites/dacms/curios/inbox/oldmap/1810161388/1810161388-001.jpeg)
[2012-01-08 04:05:47.083812]----zconvd init----
[2012-01-08 04:05:53.799852] Start conv (id:4f08978fc554c1bc00000000 path:/Users/exit/Sites/dacms/curios/inbox/postcards/pc000045/pc000045-009.tif)
[2012-01-08 04:06:19.807812] +--Finish conv (id:4f08978fc554c1bc00000000 path:/Users/exit/Sites/dacms/curios/inbox/postcards/pc000045/pc000045-009.tif)
[2012-01-08 04:06:21.560359] Start conv (id:4f08978fc554c1bc00000001 path:/Users/exit/Sites/dacms/curios/inbox/postcards/pc000334/pc000334-a（2）.tif)
[2012-01-08 04:06:21.593422] ZoomifyIM processing error (id:4f08978fc554c1bc00000001 path:/Users/exit/Sites/dacms/curios/inbox/postcards/pc000334/pc000334-a（2）.tif)
[2012-01-08 04:08:10.132365] Start conv (id:4f089819c554c17c9e000000 path:/Users/exit/Sites/dacms/curios/inbox/postcards/pc000334/pc000334-a(2).tif)
[2012-01-08 04:08:11.136441] ZoomifyIM processing error (id:4f089819c554c17c9e000000 path:/Users/exit/Sites/dacms/curios/inbox/postcards/pc000334/pc000334-a(2).tif)
[2012-01-08 04:09:06.481612] Start conv (id:4f089851c554c1799e000000 path:/Users/exit/Sites/dacms/curios/inbox/postcards/pc000334/pc000334-a.tif)
[2012-01-08 04:09:07.324159] ZoomifyIM processing error (id:4f089851c554c1799e000000 path:/Users/exit/Sites/dacms/curios/inbox/postcards/pc000334/pc000334-a.tif)
[2012-06-05 06:23:33.106604]----zconvd init----
[2012-06-05 06:24:40.524711]----zconvd init----
[2012-06-05 06:25:49.852932]----zconvd init----
[2012-06-08 03:00:54.331413]----zconvd init----
[2012-06-08 03:06:05.124796] Start conv (id:4fd0ed8cc554c1bc4c000000 path:/Users/exit/Sites/dacms/curios/inbox/oldmaps/1810161388/1810161388-001.jpeg)
[2012-06-08 03:06:12.426411] +--Finish conv (id:4fd0ed8cc554c1bc4c000000 path:/Users/exit/Sites/dacms/curios/inbox/oldmaps/1810161388/1810161388-001.jpeg)
[2012-08-09 03:32:37.026928]----zconvd init----
[2012-08-09 03:36:07.521724]----zconvd init----
